This file contains any messages produced by compilers while
running configure, to aid debugging if configure makes a mistake.

It was created by epdfinfo configure 1.0, which was
generated by GNU Autoconf 2.72.  Invocation command line was

  $ ./configure -q --bindir=/home/asdf/.config/emacs/straight/build/pdf-tools/

## --------- ##
## Platform. ##
## --------- ##

hostname = nixos
uname -m = x86_64
uname -r = 6.12.31
uname -s = Linux
uname -v = #1-NixOS SMP PREEMPT_DYNAMIC Thu May 29 09:03:27 UTC 2025

/usr/bin/uname -p = unknown
/bin/uname -X     = unknown

/bin/arch              = unknown
/usr/bin/arch -k       = unknown
/usr/convex/getsysinfo = unknown
/usr/bin/hostinfo      = unknown
/bin/machine           = unknown
/usr/bin/oslevel       = unknown
/bin/universe          = unknown

PATH: /nix/store/1q9lw4r2mbap8rsr8cja46nap6wvrw2p-bash-interactive-5.2p37/bin/
PATH: /nix/store/2jc1jmzis19adawjwhl8qhdvh7vlbk0q-patchelf-0.15.0/bin/
PATH: /nix/store/0fsnicvfpf55nkza12cjnad0w84d6ba7-gcc-wrapper-14.2.1.20250322/bin/
PATH: /nix/store/9ds850ifd4jwcccpp3v14818kk74ldf2-gcc-14.2.1.20250322/bin/
PATH: /nix/store/303islqk386z1w2g1ngvxnkl4glfpgrs-glibc-2.40-66-bin/bin/
PATH: /nix/store/87fck6hm17chxjq7badb11mq036zbyv9-coreutils-9.7/bin/
PATH: /nix/store/hhfm5fkvb1alg1np5a69m2qlcjqhr062-binutils-wrapper-2.44/bin/
PATH: /nix/store/v63bxfiacw082c7ijshf60alvvrpfxsq-binutils-2.44/bin/
PATH: /nix/store/6zj6ck5vpwhlw0kkmaq47pn63s29qm55-automake-1.16.5/bin/
PATH: /nix/store/rppb57q1ssi4pb9y60bs7h7bf3kf0h7p-autoconf-2.72/bin/
PATH: /nix/store/2crk9xnq5x9v7yf0r2nwkgj8qsmxr4ly-pkg-config-wrapper-0.29.2/bin/
PATH: /nix/store/hf1pr8lp8m29zb03fwp7kwp8j1xg3wln-libpng-apng-1.6.46-dev/bin/
PATH: /nix/store/4cfzs10xfawx5c2xrgywgm4zlgkjzfbn-freetype-2.13.3-dev/bin/
PATH: /nix/store/1abbyfv3bpxalfjfgpmwg8jcy931bf76-bzip2-1.0.8-bin/bin/
PATH: /nix/store/lh9n7inj7r4vvd9xjpa69fim46fi3wg7-brotli-1.1.0/bin/
PATH: /nix/store/64zabz1hxymxbcvp78hp9kacrygnf9l9-fontconfig-2.16.0-bin/bin/
PATH: /nix/store/1srbqcl86f67pk7gi0xhl75gv5fwjqpz-libjpeg-turbo-3.0.4-bin/bin/
PATH: /nix/store/5gk4cmjyygwdgx1my78lrz9w7hvzwwnf-openjpeg-2.5.2/bin/
PATH: /nix/store/r8grdp3sh9zgl6g4b0c0kkd934q06mc6-cairo-1.18.2-dev/bin/
PATH: /nix/store/h181byhbm1sw49r449krkyj3a0n0ins2-glib-2.84.1-dev/bin/
PATH: /nix/store/sdqvwr8gc74ms9cgf56yvy409xvl8hsf-gettext-0.22.5/bin/
PATH: /nix/store/3agp1rxrvm1xf4x6ylwp3lzxsdbi2baf-glib-2.84.1-bin/bin/
PATH: /nix/store/0ra4hmaj2wh70q8l1qa2lgsdrw9lgda0-lcms2-2.17-bin/bin/
PATH: /nix/store/amy9kqbm05wv18z5z66a3kprc2ccp390-libdeflate-1.23/bin/
PATH: /nix/store/zr0hlr1hybxs08j44l38b8na1m8xpkms-libwebp-1.5.0/bin/
PATH: /nix/store/98zamhd8d0jq3skqwz28dlgph94mrqir-xz-5.8.1-bin/bin/
PATH: /nix/store/l9xn7mbn0wh0z7swfcfj1n56byvcrisw-zstd-1.5.7-bin/bin/
PATH: /nix/store/d8vq999dg607ha6718fimpakacfax0gd-zstd-1.5.7/bin/
PATH: /nix/store/drid7w6iaw4z7rqg09842lzsg0hjsb70-libtiff-4.7.0-bin/bin/
PATH: /nix/store/nmxr110602fvajr9ax8d65ac1g40vx1a-curl-8.13.0-dev/bin/
PATH: /nix/store/lchvccw6zl1z1wmhqayixcjcqyhqvyj7-krb5-1.21.3-dev/bin/
PATH: /nix/store/bmjb20jhxkq881f43pd264240sp677an-krb5-1.21.3-lib/bin/
PATH: /nix/store/laphpyfzi0i4ghpkvqa4ci91va68gzmf-krb5-1.21.3/bin/
PATH: /nix/store/0kfli36ckiv6b1g51c4xv96gk3ab5rj0-nghttp2-1.65.0/bin/
PATH: /nix/store/4z2vr22ql2r79hhic6swnaryhyhvcjih-libidn2-2.3.8-bin/bin/
PATH: /nix/store/rjzx8v679rwd6dsb6s08iy3j2rrax72s-openssl-3.4.1-bin/bin/
PATH: /nix/store/bxs5j3zhh35nwhyhwc3db724c7nzfl36-libpsl-0.21.5/bin/
PATH: /nix/store/s2np0ri22gq9pq0fnv3yqjsbsbmw16xi-curl-8.13.0-bin/bin/
PATH: /nix/store/a5k4dqp19ncy2dk650vxy97qr3q7g82j-nss-3.101.2-dev/bin/
PATH: /nix/store/q8i77adihd9z05bd3zpzcp4w28f4bb38-nspr-4.36-dev/bin/
PATH: /nix/store/87fck6hm17chxjq7badb11mq036zbyv9-coreutils-9.7/bin/
PATH: /nix/store/7y59hzi3svdj1xjddjn2k7km96pifcyl-findutils-4.10.0/bin/
PATH: /nix/store/7h0sard22wnbz0jyz07w8y9y0fcs795r-diffutils-3.12/bin/
PATH: /nix/store/clbb2cvigynr235ab5zgi18dyavznlk2-gnused-4.9/bin/
PATH: /nix/store/gqmr3gixlddz3667ba1iyqck3c0dkpvd-gnugrep-3.11/bin/
PATH: /nix/store/fcyn0dqszgfysiasdmkv1jh3syncajay-gawk-5.3.2/bin/
PATH: /nix/store/wrxvqj822kz8746608lgns7h8mkpn79f-gnutar-1.35/bin/
PATH: /nix/store/afhkqb5a94zlwjxigsnwsfwkf38h21dk-gzip-1.14/bin/
PATH: /nix/store/1abbyfv3bpxalfjfgpmwg8jcy931bf76-bzip2-1.0.8-bin/bin/
PATH: /nix/store/kv10h4pidkmx8cjs2sw2pi9rlcnighbc-gnumake-4.4.1/bin/
PATH: /nix/store/xy4jjgw87sbgwylm5kn047d9gkbhsr9x-bash-5.2p37/bin/
PATH: /nix/store/x0kaspzb5jqvgp357bj27z6iq24ximfg-patch-2.7.6/bin/
PATH: /nix/store/98zamhd8d0jq3skqwz28dlgph94mrqir-xz-5.8.1-bin/bin/
PATH: /nix/store/imhzyxqr7swq08ip81az5kfa07r07kg0-file-5.46/bin/


## ----------- ##
## Core tests. ##
## ----------- ##

configure:2463: looking for aux files: config.guess config.sub ar-lib compile missing install-sh
configure:2476:  trying ./
configure:2505:   ./config.guess found
configure:2505:   ./config.sub found
configure:2505:   ./ar-lib found
configure:2505:   ./compile found
configure:2505:   ./missing found
configure:2487:   ./install-sh found
configure:2635: checking for a BSD-compatible install
configure:2709: result: /nix/store/87fck6hm17chxjq7badb11mq036zbyv9-coreutils-9.7/bin/install -c
configure:2720: checking whether build environment is sane
configure:2775: result: yes
configure:2936: checking for a race-free mkdir -p
configure:2979: result: /nix/store/87fck6hm17chxjq7badb11mq036zbyv9-coreutils-9.7/bin/mkdir -p
configure:2986: checking for gawk
configure:3007: found /nix/store/fcyn0dqszgfysiasdmkv1jh3syncajay-gawk-5.3.2/bin/gawk
configure:3019: result: gawk
configure:3030: checking whether make sets $(MAKE)
configure:3054: result: yes
configure:3084: checking whether make supports nested variables
configure:3103: result: yes
configure:3307: checking for gcc
configure:3340: result: gcc
configure:3699: checking for C compiler version
configure:3708: gcc --version >&5
gcc (GCC) 14.2.1 20250322
Copyright (C) 2024 Free Software Foundation, Inc.
This is free software; see the source for copying conditions.  There is NO
warranty; not even for MERCHANTABILITY or FITNESS FOR A PARTICULAR PURPOSE.

configure:3719: $? = 0
configure:3708: gcc -v >&5
Using built-in specs.
COLLECT_GCC=/nix/store/9ds850ifd4jwcccpp3v14818kk74ldf2-gcc-14.2.1.20250322/bin/gcc
COLLECT_LTO_WRAPPER=/nix/store/9ds850ifd4jwcccpp3v14818kk74ldf2-gcc-14.2.1.20250322/libexec/gcc/x86_64-unknown-linux-gnu/14.2.1/lto-wrapper
Target: x86_64-unknown-linux-gnu
Configured with: ../gcc-14-20250322/configure --prefix=/nix/store/eeeeeeeeeeeeeeeeeeeeeeeeeeeeeeee-gcc-14.2.1.20250322 --with-gmp-include=/nix/store/eeeeeeeeeeeeeeeeeeeeeeeeeeeeeeee-gmp-6.3.0-dev/include --with-gmp-lib=/nix/store/eeeeeeeeeeeeeeeeeeeeeeeeeeeeeeee-gmp-6.3.0/lib --with-mpfr-include=/nix/store/eeeeeeeeeeeeeeeeeeeeeeeeeeeeeeee-mpfr-4.2.2-dev/include --with-mpfr-lib=/nix/store/eeeeeeeeeeeeeeeeeeeeeeeeeeeeeeee-mpfr-4.2.2/lib --with-mpc=/nix/store/eeeeeeeeeeeeeeeeeeeeeeeeeeeeeeee-libmpc-1.3.1 --with-native-system-header-dir=/nix/store/eeeeeeeeeeeeeeeeeeeeeeeeeeeeeeee-glibc-2.40-66-dev/include --with-build-sysroot=/ --with-gxx-include-dir=/nix/store/eeeeeeeeeeeeeeeeeeeeeeeeeeeeeeee-gcc-14.2.1.20250322/include/c++/14.2.1.20250322/ --program-prefix= --enable-lto --disable-libstdcxx-pch --without-included-gettext --with-system-zlib --enable-static --enable-languages=c,c++ --disable-multilib --enable-plugin --disable-libcc1 --with-isl=/nix/store/eeeeeeeeeeeeeeeeeeeeeeeeeeeeeeee-isl-0.20 --disable-bootstrap --build=x86_64-unknown-linux-gnu --host=x86_64-unknown-linux-gnu --target=x86_64-unknown-linux-gnu
Thread model: posix
Supported LTO compression algorithms: zlib
gcc version 14.2.1 20250322 (GCC) 
configure:3719: $? = 0
configure:3708: gcc -V >&5
gcc: error: unrecognized command-line option '-V'
gcc: fatal error: no input files
compilation terminated.
configure:3719: $? = 1
configure:3708: gcc -qversion >&5
gcc: error: unrecognized command-line option '-qversion'; did you mean '--version'?
gcc: fatal error: no input files
compilation terminated.
configure:3719: $? = 1
configure:3708: gcc -version >&5
gcc: error: unrecognized command-line option '-version'
gcc: fatal error: no input files
compilation terminated.
configure:3719: $? = 1
configure:3739: checking whether the C compiler works
configure:3761: gcc    conftest.c  >&5
configure:3765: $? = 0
configure:3816: result: yes
configure:3820: checking for C compiler default output file name
configure:3822: result: a.out
configure:3828: checking for suffix of executables
configure:3835: gcc -o conftest    conftest.c  >&5
configure:3839: $? = 0
configure:3863: result: 
configure:3887: checking whether we are cross compiling
configure:3895: gcc -o conftest    conftest.c  >&5
configure:3899: $? = 0
configure:3906: ./conftest
configure:3910: $? = 0
configure:3925: result: no
configure:3931: checking for suffix of object files
configure:3954: gcc -c   conftest.c >&5
configure:3958: $? = 0
configure:3982: result: o
configure:3986: checking whether the compiler supports GNU C
configure:4006: gcc -c   conftest.c >&5
configure:4006: $? = 0
configure:4018: result: yes
configure:4029: checking whether gcc accepts -g
configure:4050: gcc -c -g  conftest.c >&5
configure:4050: $? = 0
configure:4097: result: yes
configure:4117: checking for gcc option to enable C11 features
configure:4132: gcc  -c -g -O2  conftest.c >&5
configure:4132: $? = 0
configure:4151: result: none needed
configure:4275: checking whether gcc understands -c and -o together
configure:4298: gcc -c conftest.c -o conftest2.o
configure:4301: $? = 0
configure:4298: gcc -c conftest.c -o conftest2.o
configure:4301: $? = 0
configure:4314: result: yes
configure:4334: checking whether make supports the include directive
configure:4349: make -f confmf.GNU && cat confinc.out
this is the am__doit target
configure:4352: $? = 0
configure:4371: result: yes (GNU style)
configure:4397: checking dependency style of gcc
configure:4510: result: gcc3
configure:4575: checking for ranlib
configure:4608: result: ranlib
configure:4746: checking the archiver (ar) interface
configure:4763: gcc -c -g -O2  conftest.c >&5
configure:4763: $? = 0
configure:4766: ar cru libconftest.a conftest.o >&5
ar: `u' modifier ignored since `D' is the default (see `U')
configure:4769: $? = 0
configure:4798: result: ar
configure:4884: checking for pkg-config
configure:4907: found /nix/store/2crk9xnq5x9v7yf0r2nwkgj8qsmxr4ly-pkg-config-wrapper-0.29.2/bin/pkg-config
configure:4920: result: /nix/store/2crk9xnq5x9v7yf0r2nwkgj8qsmxr4ly-pkg-config-wrapper-0.29.2/bin/pkg-config
configure:4945: checking pkg-config is at least version 0.9.0
configure:4948: result: yes
configure:4958: checking for libpng
configure:4965: $PKG_CONFIG --exists --print-errors "libpng"
configure:4968: $? = 0
configure:4982: $PKG_CONFIG --exists --print-errors "libpng"
configure:4985: $? = 0
configure:5043: result: yes
configure:5049: checking for glib-2.0
configure:5056: $PKG_CONFIG --exists --print-errors "glib-2.0"
configure:5059: $? = 0
configure:5073: $PKG_CONFIG --exists --print-errors "glib-2.0"
configure:5076: $? = 0
configure:5134: result: yes
configure:5140: checking for poppler
configure:5147: $PKG_CONFIG --exists --print-errors "poppler"
configure:5150: $? = 0
configure:5164: $PKG_CONFIG --exists --print-errors "poppler"
configure:5167: $? = 0
configure:5225: result: yes
configure:5231: checking for poppler-glib >= 0.16.0
configure:5238: $PKG_CONFIG --exists --print-errors "poppler-glib >= 0.16.0"
configure:5241: $? = 0
configure:5255: $PKG_CONFIG --exists --print-errors "poppler-glib >= 0.16.0"
configure:5258: $? = 0
configure:5316: result: yes
configure:5321: $PKG_CONFIG --exists --print-errors "poppler-glib >= 0.19.4"
configure:5324: $? = 0
configure:5329: $PKG_CONFIG --exists --print-errors "poppler-glib >= 0.22"
configure:5332: $? = 0
configure:5337: $PKG_CONFIG --exists --print-errors "poppler-glib >= 0.26"
configure:5340: $? = 0
configure:5346: checking for zlib
configure:5353: $PKG_CONFIG --exists --print-errors "zlib"
configure:5356: $? = 0
configure:5370: $PKG_CONFIG --exists --print-errors "zlib"
configure:5373: $? = 0
configure:5431: result: yes
configure:5451: gcc -c -g -O2  conftest.c >&5
conftest.c:13:13: error: expected ';' before 'int'
   13 |        error
      |             ^
      |             ;
......
   16 | int
      | ~~~          
configure:5451: $? = 1
configure: failed program was:
| /* confdefs.h */
| #define PACKAGE_NAME "epdfinfo"
| #define PACKAGE_TARNAME "epdfinfo"
| #define PACKAGE_VERSION "1.0"
| #define PACKAGE_STRING "epdfinfo 1.0"
| #define PACKAGE_BUGREPORT "politza@fh-trier.de"
| #define PACKAGE_URL ""
| #define PACKAGE "epdfinfo"
| #define VERSION "1.0"
| /* end confdefs.h.  */
| 
|      #ifndef _WIN32
|        error
|      #endif
| 
| int
| main (void)
| {
| 
|   ;
|   return 0;
| }
configure:5500: checking build system type
configure:5516: result: x86_64-pc-linux-gnu
configure:5536: checking host system type
configure:5551: result: x86_64-pc-linux-gnu
configure:5576: checking for stdio.h
configure:5576: gcc -c -g -O2  conftest.c >&5
configure:5576: $? = 0
configure:5576: result: yes
configure:5576: checking for stdlib.h
configure:5576: gcc -c -g -O2  conftest.c >&5
configure:5576: $? = 0
configure:5576: result: yes
configure:5576: checking for string.h
configure:5576: gcc -c -g -O2  conftest.c >&5
configure:5576: $? = 0
configure:5576: result: yes
configure:5576: checking for inttypes.h
configure:5576: gcc -c -g -O2  conftest.c >&5
configure:5576: $? = 0
configure:5576: result: yes
configure:5576: checking for stdint.h
configure:5576: gcc -c -g -O2  conftest.c >&5
configure:5576: $? = 0
configure:5576: result: yes
configure:5576: checking for strings.h
configure:5576: gcc -c -g -O2  conftest.c >&5
configure:5576: $? = 0
configure:5576: result: yes
configure:5576: checking for sys/stat.h
configure:5576: gcc -c -g -O2  conftest.c >&5
configure:5576: $? = 0
configure:5576: result: yes
configure:5576: checking for sys/types.h
configure:5576: gcc -c -g -O2  conftest.c >&5
configure:5576: $? = 0
configure:5576: result: yes
configure:5576: checking for unistd.h
configure:5576: gcc -c -g -O2  conftest.c >&5
configure:5576: $? = 0
configure:5576: result: yes
configure:5601: checking for stdlib.h
configure:5601: result: yes
configure:5607: checking for string.h
configure:5607: result: yes
configure:5613: checking for strings.h
configure:5613: result: yes
configure:5619: checking for err.h
configure:5619: gcc -c -g -O2  conftest.c >&5
configure:5619: $? = 0
configure:5619: result: yes
configure:5627: checking for error.h
configure:5650: gcc -c -I/nix/store/knbbv1jviy1wlmsnqby66jin561gwnpp-poppler-glib-25.05.0-dev/include/poppler -I/nix/store/knbbv1jviy1wlmsnqby66jin561gwnpp-poppler-glib-25.05.0-dev/include/poppler/glib -I/nix/store/r8grdp3sh9zgl6g4b0c0kkd934q06mc6-cairo-1.18.2-dev/include/cairo -I/nix/store/4cfzs10xfawx5c2xrgywgm4zlgkjzfbn-freetype-2.13.3-dev/include/freetype2 -I/nix/store/4cfzs10xfawx5c2xrgywgm4zlgkjzfbn-freetype-2.13.3-dev/include -I/nix/store/h181byhbm1sw49r449krkyj3a0n0ins2-glib-2.84.1-dev/include -I/nix/store/h181byhbm1sw49r449krkyj3a0n0ins2-glib-2.84.1-dev/include/glib-2.0 -I/nix/store/bkpj51fz88rbyjd60i6lrp0xdax1b24g-glib-2.84.1/lib/glib-2.0/include  conftest.c >&5
conftest.c: In function 'main':
conftest.c:34:14: warning: zero-length gnu_printf format string [-Wformat-zero-length]
   34 | error (0, 0, "");
      |              ^~
configure:5650: $? = 0
configure:5655: result: yes
configure:5672: checking for size_t
configure:5672: gcc -c -g -O2  conftest.c >&5
configure:5672: $? = 0
configure:5672: gcc -c -g -O2  conftest.c >&5
conftest.c: In function 'main':
conftest.c:60:21: error: expected expression before ')' token
   60 | if (sizeof ((size_t)))
      |                     ^
configure:5672: $? = 1
configure: failed program was:
| /* confdefs.h */
| #define PACKAGE_NAME "epdfinfo"
| #define PACKAGE_TARNAME "epdfinfo"
| #define PACKAGE_VERSION "1.0"
| #define PACKAGE_STRING "epdfinfo 1.0"
| #define PACKAGE_BUGREPORT "politza@fh-trier.de"
| #define PACKAGE_URL ""
| #define PACKAGE "epdfinfo"
| #define VERSION "1.0"
| #define HAVE_POPPLER_FIND_OPTS 1
| #define HAVE_POPPLER_ANNOT_WRITE 1
| #define HAVE_POPPLER_ANNOT_MARKUP 1
| #define HAVE_STDIO_H 1
| #define HAVE_STDLIB_H 1
| #define HAVE_STRING_H 1
| #define HAVE_INTTYPES_H 1
| #define HAVE_STDINT_H 1
| #define HAVE_STRINGS_H 1
| #define HAVE_SYS_STAT_H 1
| #define HAVE_SYS_TYPES_H 1
| #define HAVE_UNISTD_H 1
| #define STDC_HEADERS 1
| #define HAVE_STDLIB_H 1
| #define HAVE_STRING_H 1
| #define HAVE_STRINGS_H 1
| #define HAVE_ERR_H 1
| #define HAVE_ERROR_H 1
| /* end confdefs.h.  */
| #include <stddef.h>
| #ifdef HAVE_STDIO_H
| # include <stdio.h>
| #endif
| #ifdef HAVE_STDLIB_H
| # include <stdlib.h>
| #endif
| #ifdef HAVE_STRING_H
| # include <string.h>
| #endif
| #ifdef HAVE_INTTYPES_H
| # include <inttypes.h>
| #endif
| #ifdef HAVE_STDINT_H
| # include <stdint.h>
| #endif
| #ifdef HAVE_STRINGS_H
| # include <strings.h>
| #endif
| #ifdef HAVE_SYS_TYPES_H
| # include <sys/types.h>
| #endif
| #ifdef HAVE_SYS_STAT_H
| # include <sys/stat.h>
| #endif
| #ifdef HAVE_UNISTD_H
| # include <unistd.h>
| #endif
| int
| main (void)
| {
| if (sizeof ((size_t)))
| 	    return 0;
|   ;
|   return 0;
| }
configure:5672: result: yes
configure:5683: checking for ssize_t
configure:5683: gcc -c -g -O2  conftest.c >&5
configure:5683: $? = 0
configure:5683: gcc -c -g -O2  conftest.c >&5
conftest.c: In function 'main':
conftest.c:60:22: error: expected expression before ')' token
   60 | if (sizeof ((ssize_t)))
      |                      ^
configure:5683: $? = 1
configure: failed program was:
| /* confdefs.h */
| #define PACKAGE_NAME "epdfinfo"
| #define PACKAGE_TARNAME "epdfinfo"
| #define PACKAGE_VERSION "1.0"
| #define PACKAGE_STRING "epdfinfo 1.0"
| #define PACKAGE_BUGREPORT "politza@fh-trier.de"
| #define PACKAGE_URL ""
| #define PACKAGE "epdfinfo"
| #define VERSION "1.0"
| #define HAVE_POPPLER_FIND_OPTS 1
| #define HAVE_POPPLER_ANNOT_WRITE 1
| #define HAVE_POPPLER_ANNOT_MARKUP 1
| #define HAVE_STDIO_H 1
| #define HAVE_STDLIB_H 1
| #define HAVE_STRING_H 1
| #define HAVE_INTTYPES_H 1
| #define HAVE_STDINT_H 1
| #define HAVE_STRINGS_H 1
| #define HAVE_SYS_STAT_H 1
| #define HAVE_SYS_TYPES_H 1
| #define HAVE_UNISTD_H 1
| #define STDC_HEADERS 1
| #define HAVE_STDLIB_H 1
| #define HAVE_STRING_H 1
| #define HAVE_STRINGS_H 1
| #define HAVE_ERR_H 1
| #define HAVE_ERROR_H 1
| /* end confdefs.h.  */
| #include <stddef.h>
| #ifdef HAVE_STDIO_H
| # include <stdio.h>
| #endif
| #ifdef HAVE_STDLIB_H
| # include <stdlib.h>
| #endif
| #ifdef HAVE_STRING_H
| # include <string.h>
| #endif
| #ifdef HAVE_INTTYPES_H
| # include <inttypes.h>
| #endif
| #ifdef HAVE_STDINT_H
| # include <stdint.h>
| #endif
| #ifdef HAVE_STRINGS_H
| # include <strings.h>
| #endif
| #ifdef HAVE_SYS_TYPES_H
| # include <sys/types.h>
| #endif
| #ifdef HAVE_SYS_STAT_H
| # include <sys/stat.h>
| #endif
| #ifdef HAVE_UNISTD_H
| # include <unistd.h>
| #endif
| int
| main (void)
| {
| if (sizeof ((ssize_t)))
| 	    return 0;
|   ;
|   return 0;
| }
configure:5683: result: yes
configure:5694: checking for ptrdiff_t
configure:5694: gcc -c -g -O2  conftest.c >&5
configure:5694: $? = 0
configure:5694: gcc -c -g -O2  conftest.c >&5
conftest.c: In function 'main':
conftest.c:60:24: error: expected expression before ')' token
   60 | if (sizeof ((ptrdiff_t)))
      |                        ^
configure:5694: $? = 1
configure: failed program was:
| /* confdefs.h */
| #define PACKAGE_NAME "epdfinfo"
| #define PACKAGE_TARNAME "epdfinfo"
| #define PACKAGE_VERSION "1.0"
| #define PACKAGE_STRING "epdfinfo 1.0"
| #define PACKAGE_BUGREPORT "politza@fh-trier.de"
| #define PACKAGE_URL ""
| #define PACKAGE "epdfinfo"
| #define VERSION "1.0"
| #define HAVE_POPPLER_FIND_OPTS 1
| #define HAVE_POPPLER_ANNOT_WRITE 1
| #define HAVE_POPPLER_ANNOT_MARKUP 1
| #define HAVE_STDIO_H 1
| #define HAVE_STDLIB_H 1
| #define HAVE_STRING_H 1
| #define HAVE_INTTYPES_H 1
| #define HAVE_STDINT_H 1
| #define HAVE_STRINGS_H 1
| #define HAVE_SYS_STAT_H 1
| #define HAVE_SYS_TYPES_H 1
| #define HAVE_UNISTD_H 1
| #define STDC_HEADERS 1
| #define HAVE_STDLIB_H 1
| #define HAVE_STRING_H 1
| #define HAVE_STRINGS_H 1
| #define HAVE_ERR_H 1
| #define HAVE_ERROR_H 1
| /* end confdefs.h.  */
| #include <stddef.h>
| #ifdef HAVE_STDIO_H
| # include <stdio.h>
| #endif
| #ifdef HAVE_STDLIB_H
| # include <stdlib.h>
| #endif
| #ifdef HAVE_STRING_H
| # include <string.h>
| #endif
| #ifdef HAVE_INTTYPES_H
| # include <inttypes.h>
| #endif
| #ifdef HAVE_STDINT_H
| # include <stdint.h>
| #endif
| #ifdef HAVE_STRINGS_H
| # include <strings.h>
| #endif
| #ifdef HAVE_SYS_TYPES_H
| # include <sys/types.h>
| #endif
| #ifdef HAVE_SYS_STAT_H
| # include <sys/stat.h>
| #endif
| #ifdef HAVE_UNISTD_H
| # include <unistd.h>
| #endif
| int
| main (void)
| {
| if (sizeof ((ptrdiff_t)))
| 	    return 0;
|   ;
|   return 0;
| }
configure:5694: result: yes
configure:5703: checking whether byte ordering is bigendian
configure:5719: gcc -c -g -O2  conftest.c >&5
conftest.c:31:16: error: unknown type name 'not'
   31 |                not a universal capable compiler
      |                ^~~
conftest.c:31:22: error: expected '=', ',', ';', 'asm' or '__attribute__' before 'universal'
   31 |                not a universal capable compiler
      |                      ^~~~~~~~~
conftest.c:31:22: error: unknown type name 'universal'
configure:5719: $? = 1
configure: failed program was:
| /* confdefs.h */
| #define PACKAGE_NAME "epdfinfo"
| #define PACKAGE_TARNAME "epdfinfo"
| #define PACKAGE_VERSION "1.0"
| #define PACKAGE_STRING "epdfinfo 1.0"
| #define PACKAGE_BUGREPORT "politza@fh-trier.de"
| #define PACKAGE_URL ""
| #define PACKAGE "epdfinfo"
| #define VERSION "1.0"
| #define HAVE_POPPLER_FIND_OPTS 1
| #define HAVE_POPPLER_ANNOT_WRITE 1
| #define HAVE_POPPLER_ANNOT_MARKUP 1
| #define HAVE_STDIO_H 1
| #define HAVE_STDLIB_H 1
| #define HAVE_STRING_H 1
| #define HAVE_INTTYPES_H 1
| #define HAVE_STDINT_H 1
| #define HAVE_STRINGS_H 1
| #define HAVE_SYS_STAT_H 1
| #define HAVE_SYS_TYPES_H 1
| #define HAVE_UNISTD_H 1
| #define STDC_HEADERS 1
| #define HAVE_STDLIB_H 1
| #define HAVE_STRING_H 1
| #define HAVE_STRINGS_H 1
| #define HAVE_ERR_H 1
| #define HAVE_ERROR_H 1
| #define HAVE_PTRDIFF_T 1
| /* end confdefs.h.  */
| #ifndef __APPLE_CC__
| 	       not a universal capable compiler
| 	     #endif
| 	     typedef int dummy;
| 
configure:5765: gcc -c -g -O2  conftest.c >&5
configure:5765: $? = 0
configure:5784: gcc -c -g -O2  conftest.c >&5
conftest.c: In function 'main':
conftest.c:37:18: error: unknown type name 'not'; did you mean 'ino_t'?
   37 |                  not big endian
      |                  ^~~
      |                  ino_t
conftest.c:37:26: error: expected '=', ',', ';', 'asm' or '__attribute__' before 'endian'
   37 |                  not big endian
      |                          ^~~~~~
configure:5784: $? = 1
configure: failed program was:
| /* confdefs.h */
| #define PACKAGE_NAME "epdfinfo"
| #define PACKAGE_TARNAME "epdfinfo"
| #define PACKAGE_VERSION "1.0"
| #define PACKAGE_STRING "epdfinfo 1.0"
| #define PACKAGE_BUGREPORT "politza@fh-trier.de"
| #define PACKAGE_URL ""
| #define PACKAGE "epdfinfo"
| #define VERSION "1.0"
| #define HAVE_POPPLER_FIND_OPTS 1
| #define HAVE_POPPLER_ANNOT_WRITE 1
| #define HAVE_POPPLER_ANNOT_MARKUP 1
| #define HAVE_STDIO_H 1
| #define HAVE_STDLIB_H 1
| #define HAVE_STRING_H 1
| #define HAVE_INTTYPES_H 1
| #define HAVE_STDINT_H 1
| #define HAVE_STRINGS_H 1
| #define HAVE_SYS_STAT_H 1
| #define HAVE_SYS_TYPES_H 1
| #define HAVE_UNISTD_H 1
| #define STDC_HEADERS 1
| #define HAVE_STDLIB_H 1
| #define HAVE_STRING_H 1
| #define HAVE_STRINGS_H 1
| #define HAVE_ERR_H 1
| #define HAVE_ERROR_H 1
| #define HAVE_PTRDIFF_T 1
| /* end confdefs.h.  */
| #include <sys/types.h>
| 		#include <sys/param.h>
| 
| int
| main (void)
| {
| #if BYTE_ORDER != BIG_ENDIAN
| 		 not big endian
| 		#endif
| 
|   ;
|   return 0;
| }
configure:5925: result: no
configure:5945: checking for error_at_line
configure:5962: gcc -o conftest -g -O2   conftest.c  >&5
configure:5962: $? = 0
configure:5973: result: yes
configure:5984: checking for working strtod
configure:6024: gcc -o conftest -g -O2   conftest.c  >&5
configure:6024: $? = 0
configure:6024: ./conftest
configure:6024: $? = 0
configure:6038: result: yes
configure:6110: checking for strcspn
configure:6110: gcc -o conftest -g -O2   conftest.c  >&5
conftest.c:46:6: warning: conflicting types for built-in function 'strcspn'; expected 'long unsigned int(const char *, const char *)' [-Wbuiltin-declaration-mismatch]
   46 | char strcspn (void);
      |      ^~~~~~~
conftest.c:38:1: note: 'strcspn' is declared in header '<string.h>'
   37 | #include <limits.h>
   38 | #undef strcspn
configure:6110: $? = 0
configure:6110: result: yes
configure:6116: checking for strtol
configure:6116: gcc -o conftest -g -O2   conftest.c  >&5
configure:6116: $? = 0
configure:6116: result: yes
configure:6122: checking for getline
configure:6122: gcc -o conftest -g -O2   conftest.c  >&5
configure:6122: $? = 0
configure:6122: result: yes
configure:6233: checking that generated files are newer than configure
configure:6239: result: done
configure:6267: creating ./config.status

## ---------------------- ##
## Running config.status. ##
## ---------------------- ##

This file was extended by epdfinfo config.status 1.0, which was
generated by GNU Autoconf 2.72.  Invocation command line was

  CONFIG_FILES    = 
  CONFIG_HEADERS  = 
  CONFIG_LINKS    = 
  CONFIG_COMMANDS = 
  $ ./config.status --quiet

on nixos

config.status:893: creating Makefile
config.status:893: creating config.h
config.status:1122: executing depfiles commands
config.status:1199: cd .       && sed -e '/# am--include-marker/d' Makefile         | make -f - am--depfiles
config.status:1204: $? = 0

## ---------------- ##
## Cache variables. ##
## ---------------- ##

ac_cv_build=x86_64-pc-linux-gnu
ac_cv_c_bigendian=no
ac_cv_c_compiler_gnu=yes
ac_cv_env_CC_set=set
ac_cv_env_CC_value=gcc
ac_cv_env_CFLAGS_set=
ac_cv_env_CFLAGS_value=
ac_cv_env_CPPFLAGS_set=
ac_cv_env_CPPFLAGS_value=
ac_cv_env_LDFLAGS_set=
ac_cv_env_LDFLAGS_value=
ac_cv_env_LIBS_set=
ac_cv_env_LIBS_value=
ac_cv_env_PKG_CONFIG_LIBDIR_set=
ac_cv_env_PKG_CONFIG_LIBDIR_value=
ac_cv_env_PKG_CONFIG_PATH_set=
ac_cv_env_PKG_CONFIG_PATH_value=
ac_cv_env_PKG_CONFIG_set=
ac_cv_env_PKG_CONFIG_value=
ac_cv_env_build_alias_set=
ac_cv_env_build_alias_value=
ac_cv_env_glib_CFLAGS_set=
ac_cv_env_glib_CFLAGS_value=
ac_cv_env_glib_LIBS_set=
ac_cv_env_glib_LIBS_value=
ac_cv_env_host_alias_set=
ac_cv_env_host_alias_value=
ac_cv_env_png_CFLAGS_set=
ac_cv_env_png_CFLAGS_value=
ac_cv_env_png_LIBS_set=
ac_cv_env_png_LIBS_value=
ac_cv_env_poppler_CFLAGS_set=
ac_cv_env_poppler_CFLAGS_value=
ac_cv_env_poppler_LIBS_set=
ac_cv_env_poppler_LIBS_value=
ac_cv_env_poppler_glib_CFLAGS_set=
ac_cv_env_poppler_glib_CFLAGS_value=
ac_cv_env_poppler_glib_LIBS_set=
ac_cv_env_poppler_glib_LIBS_value=
ac_cv_env_target_alias_set=
ac_cv_env_target_alias_value=
ac_cv_env_zlib_CFLAGS_set=
ac_cv_env_zlib_CFLAGS_value=
ac_cv_env_zlib_LIBS_set=
ac_cv_env_zlib_LIBS_value=
ac_cv_func_getline=yes
ac_cv_func_strcspn=yes
ac_cv_func_strtod=yes
ac_cv_func_strtol=yes
ac_cv_header_err_h=yes
ac_cv_header_inttypes_h=yes
ac_cv_header_stdint_h=yes
ac_cv_header_stdio_h=yes
ac_cv_header_stdlib_h=yes
ac_cv_header_string_h=yes
ac_cv_header_strings_h=yes
ac_cv_header_sys_stat_h=yes
ac_cv_header_sys_types_h=yes
ac_cv_header_unistd_h=yes
ac_cv_host=x86_64-pc-linux-gnu
ac_cv_lib_error_at_line=yes
ac_cv_objext=o
ac_cv_path_ac_pt_PKG_CONFIG=/nix/store/2crk9xnq5x9v7yf0r2nwkgj8qsmxr4ly-pkg-config-wrapper-0.29.2/bin/pkg-config
ac_cv_path_install='/nix/store/87fck6hm17chxjq7badb11mq036zbyv9-coreutils-9.7/bin/install -c'
ac_cv_path_mkdir=/nix/store/87fck6hm17chxjq7badb11mq036zbyv9-coreutils-9.7/bin/mkdir
ac_cv_prog_AWK=gawk
ac_cv_prog_ac_ct_CC=gcc
ac_cv_prog_ac_ct_RANLIB=ranlib
ac_cv_prog_cc_c11=
ac_cv_prog_cc_g=yes
ac_cv_prog_cc_stdc=
ac_cv_prog_make_make_set=yes
ac_cv_type_ptrdiff_t=yes
ac_cv_type_size_t=yes
ac_cv_type_ssize_t=yes
am_cv_CC_dependencies_compiler_type=gcc3
am_cv_ar_interface=ar
am_cv_make_support_nested_variables=yes
am_cv_prog_cc_c_o=yes
pkg_cv_glib_CFLAGS='-I/nix/store/h181byhbm1sw49r449krkyj3a0n0ins2-glib-2.84.1-dev/include/glib-2.0 -I/nix/store/bkpj51fz88rbyjd60i6lrp0xdax1b24g-glib-2.84.1/lib/glib-2.0/include'
pkg_cv_glib_LIBS='-L/nix/store/bkpj51fz88rbyjd60i6lrp0xdax1b24g-glib-2.84.1/lib -lglib-2.0'
pkg_cv_png_CFLAGS=-I/nix/store/hf1pr8lp8m29zb03fwp7kwp8j1xg3wln-libpng-apng-1.6.46-dev/include/libpng16
pkg_cv_png_LIBS='-L/nix/store/y3x4m9wy3a731ibvgvs194j10znc392m-libpng-apng-1.6.46/lib -lpng16'
pkg_cv_poppler_CFLAGS=-I/nix/store/knbbv1jviy1wlmsnqby66jin561gwnpp-poppler-glib-25.05.0-dev/include/poppler
pkg_cv_poppler_LIBS='-L/nix/store/1sbl8g15bygzmjhs27s6380xp67x50pf-poppler-glib-25.05.0/lib -lpoppler'
pkg_cv_poppler_glib_CFLAGS='-I/nix/store/knbbv1jviy1wlmsnqby66jin561gwnpp-poppler-glib-25.05.0-dev/include/poppler/glib -I/nix/store/r8grdp3sh9zgl6g4b0c0kkd934q06mc6-cairo-1.18.2-dev/include/cairo -I/nix/store/4cfzs10xfawx5c2xrgywgm4zlgkjzfbn-freetype-2.13.3-dev/include/freetype2 -I/nix/store/4cfzs10xfawx5c2xrgywgm4zlgkjzfbn-freetype-2.13.3-dev/include -I/nix/store/h181byhbm1sw49r449krkyj3a0n0ins2-glib-2.84.1-dev/include -I/nix/store/h181byhbm1sw49r449krkyj3a0n0ins2-glib-2.84.1-dev/include/glib-2.0 -I/nix/store/bkpj51fz88rbyjd60i6lrp0xdax1b24g-glib-2.84.1/lib/glib-2.0/include'
pkg_cv_poppler_glib_LIBS='-L/nix/store/1sbl8g15bygzmjhs27s6380xp67x50pf-poppler-glib-25.05.0/lib -L/nix/store/41qbms27n02859ja4sc7wsd9mfp3ward-cairo-1.18.2/lib -L/nix/store/bkpj51fz88rbyjd60i6lrp0xdax1b24g-glib-2.84.1/lib -lpoppler-glib -lgobject-2.0 -lglib-2.0 -lcairo'
pkg_cv_zlib_CFLAGS=-I/nix/store/cbdvjyn19y77m8l06n089x30v7irqz3j-zlib-1.3.1-dev/include
pkg_cv_zlib_LIBS='-L/nix/store/srby6wmvg7dp454pwb6qvaxdiri38sc1-zlib-1.3.1/lib -lz'

## ----------------- ##
## Output variables. ##
## ----------------- ##

ACLOCAL='${SHELL} '\''/home/asdf/.config/emacs/straight/build/pdf-tools/build/server/missing'\'' aclocal-1.16'
AMDEPBACKSLASH='\'
AMDEP_FALSE='#'
AMDEP_TRUE=''
AMTAR='$${TAR-tar}'
AM_BACKSLASH='\'
AM_DEFAULT_V='$(AM_DEFAULT_VERBOSITY)'
AM_DEFAULT_VERBOSITY='1'
AM_V='$(V)'
AR='ar'
AUTOCONF='${SHELL} '\''/home/asdf/.config/emacs/straight/build/pdf-tools/build/server/missing'\'' autoconf'
AUTOHEADER='${SHELL} '\''/home/asdf/.config/emacs/straight/build/pdf-tools/build/server/missing'\'' autoheader'
AUTOMAKE='${SHELL} '\''/home/asdf/.config/emacs/straight/build/pdf-tools/build/server/missing'\'' automake-1.16'
AWK='gawk'
CC='gcc'
CCDEPMODE='depmode=gcc3'
CFLAGS='-g -O2'
CPPFLAGS=''
CSCOPE='cscope'
CTAGS='ctags'
CYGPATH_W='echo'
DEFS='-DHAVE_CONFIG_H'
DEPDIR='.deps'
ECHO_C=''
ECHO_N='-n'
ECHO_T=''
ETAGS='etags'
EXEEXT=''
HAVE_W32_FALSE=''
HAVE_W32_TRUE='#'
INSTALL_DATA='${INSTALL} -m 644'
INSTALL_PROGRAM='${INSTALL}'
INSTALL_SCRIPT='${INSTALL}'
INSTALL_STRIP_PROGRAM='$(install_sh) -c -s'
LDFLAGS=''
LIBOBJS=''
LIBS=''
LTLIBOBJS=''
MAKEINFO='${SHELL} '\''/home/asdf/.config/emacs/straight/build/pdf-tools/build/server/missing'\'' makeinfo'
MKDIR_P='/nix/store/87fck6hm17chxjq7badb11mq036zbyv9-coreutils-9.7/bin/mkdir -p'
OBJEXT='o'
PACKAGE='epdfinfo'
PACKAGE_BUGREPORT='politza@fh-trier.de'
PACKAGE_NAME='epdfinfo'
PACKAGE_STRING='epdfinfo 1.0'
PACKAGE_TARNAME='epdfinfo'
PACKAGE_URL=''
PACKAGE_VERSION='1.0'
PATH_SEPARATOR=':'
PKG_CONFIG='/nix/store/2crk9xnq5x9v7yf0r2nwkgj8qsmxr4ly-pkg-config-wrapper-0.29.2/bin/pkg-config'
PKG_CONFIG_LIBDIR=''
PKG_CONFIG_PATH=''
POW_LIB=''
RANLIB='ranlib'
SET_MAKE=''
SHELL='/nix/store/xy4jjgw87sbgwylm5kn047d9gkbhsr9x-bash-5.2p37/bin/bash'
STRIP='strip'
VERSION='1.0'
ac_ct_AR=''
ac_ct_CC='gcc'
am__EXEEXT_FALSE=''
am__EXEEXT_TRUE='#'
am__fastdepCC_FALSE='#'
am__fastdepCC_TRUE=''
am__include='include'
am__isrc=''
am__leading_dot='.'
am__nodep='_no'
am__quote=''
am__tar='$${TAR-tar} chof - "$$tardir"'
am__untar='$${TAR-tar} xf -'
bindir='/home/asdf/.config/emacs/straight/build/pdf-tools'
build='x86_64-pc-linux-gnu'
build_alias=''
build_cpu='x86_64'
build_os='linux-gnu'
build_vendor='pc'
datadir='${datarootdir}'
datarootdir='${prefix}/share'
docdir='${datarootdir}/doc/${PACKAGE_TARNAME}'
dvidir='${docdir}'
exec_prefix='${prefix}'
glib_CFLAGS='-I/nix/store/h181byhbm1sw49r449krkyj3a0n0ins2-glib-2.84.1-dev/include/glib-2.0 -I/nix/store/bkpj51fz88rbyjd60i6lrp0xdax1b24g-glib-2.84.1/lib/glib-2.0/include'
glib_LIBS='-L/nix/store/bkpj51fz88rbyjd60i6lrp0xdax1b24g-glib-2.84.1/lib -lglib-2.0'
host='x86_64-pc-linux-gnu'
host_alias=''
host_cpu='x86_64'
host_os='linux-gnu'
host_vendor='pc'
htmldir='${docdir}'
includedir='${prefix}/include'
infodir='${datarootdir}/info'
install_sh='${SHELL} /home/asdf/.config/emacs/straight/build/pdf-tools/build/server/install-sh'
libdir='${exec_prefix}/lib'
libexecdir='${exec_prefix}/libexec'
localedir='${datarootdir}/locale'
localstatedir='${prefix}/var'
mandir='${datarootdir}/man'
mkdir_p='$(MKDIR_P)'
oldincludedir='/usr/include'
pdfdir='${docdir}'
png_CFLAGS='-I/nix/store/hf1pr8lp8m29zb03fwp7kwp8j1xg3wln-libpng-apng-1.6.46-dev/include/libpng16'
png_LIBS='-L/nix/store/y3x4m9wy3a731ibvgvs194j10znc392m-libpng-apng-1.6.46/lib -lpng16'
poppler_CFLAGS='-I/nix/store/knbbv1jviy1wlmsnqby66jin561gwnpp-poppler-glib-25.05.0-dev/include/poppler'
poppler_LIBS='-L/nix/store/1sbl8g15bygzmjhs27s6380xp67x50pf-poppler-glib-25.05.0/lib -lpoppler'
poppler_glib_CFLAGS='-I/nix/store/knbbv1jviy1wlmsnqby66jin561gwnpp-poppler-glib-25.05.0-dev/include/poppler/glib -I/nix/store/r8grdp3sh9zgl6g4b0c0kkd934q06mc6-cairo-1.18.2-dev/include/cairo -I/nix/store/4cfzs10xfawx5c2xrgywgm4zlgkjzfbn-freetype-2.13.3-dev/include/freetype2 -I/nix/store/4cfzs10xfawx5c2xrgywgm4zlgkjzfbn-freetype-2.13.3-dev/include -I/nix/store/h181byhbm1sw49r449krkyj3a0n0ins2-glib-2.84.1-dev/include -I/nix/store/h181byhbm1sw49r449krkyj3a0n0ins2-glib-2.84.1-dev/include/glib-2.0 -I/nix/store/bkpj51fz88rbyjd60i6lrp0xdax1b24g-glib-2.84.1/lib/glib-2.0/include'
poppler_glib_LIBS='-L/nix/store/1sbl8g15bygzmjhs27s6380xp67x50pf-poppler-glib-25.05.0/lib -L/nix/store/41qbms27n02859ja4sc7wsd9mfp3ward-cairo-1.18.2/lib -L/nix/store/bkpj51fz88rbyjd60i6lrp0xdax1b24g-glib-2.84.1/lib -lpoppler-glib -lgobject-2.0 -lglib-2.0 -lcairo'
prefix='/usr/local'
program_transform_name='s,x,x,'
psdir='${docdir}'
runstatedir='${localstatedir}/run'
sbindir='${exec_prefix}/sbin'
sharedstatedir='${prefix}/com'
sysconfdir='${prefix}/etc'
target_alias=''
zlib_CFLAGS='-I/nix/store/cbdvjyn19y77m8l06n089x30v7irqz3j-zlib-1.3.1-dev/include'
zlib_LIBS='-L/nix/store/srby6wmvg7dp454pwb6qvaxdiri38sc1-zlib-1.3.1/lib -lz'

## ----------- ##
## confdefs.h. ##
## ----------- ##

/* confdefs.h */
#define PACKAGE_NAME "epdfinfo"
#define PACKAGE_TARNAME "epdfinfo"
#define PACKAGE_VERSION "1.0"
#define PACKAGE_STRING "epdfinfo 1.0"
#define PACKAGE_BUGREPORT "politza@fh-trier.de"
#define PACKAGE_URL ""
#define PACKAGE "epdfinfo"
#define VERSION "1.0"
#define HAVE_POPPLER_FIND_OPTS 1
#define HAVE_POPPLER_ANNOT_WRITE 1
#define HAVE_POPPLER_ANNOT_MARKUP 1
#define HAVE_STDIO_H 1
#define HAVE_STDLIB_H 1
#define HAVE_STRING_H 1
#define HAVE_INTTYPES_H 1
#define HAVE_STDINT_H 1
#define HAVE_STRINGS_H 1
#define HAVE_SYS_STAT_H 1
#define HAVE_SYS_TYPES_H 1
#define HAVE_UNISTD_H 1
#define STDC_HEADERS 1
#define HAVE_STDLIB_H 1
#define HAVE_STRING_H 1
#define HAVE_STRINGS_H 1
#define HAVE_ERR_H 1
#define HAVE_ERROR_H 1
#define HAVE_PTRDIFF_T 1
#define HAVE_STRCSPN 1
#define HAVE_STRTOL 1
#define HAVE_GETLINE 1

configure: exit 0
