On branch master
Your branch is up to date with 'origin/master'.

nothing to commit, working tree clean
Updating channel 'guix' from Git repository at 'https://git.guix.gnu.org/guix.git'...
Updating channel 'manifold' from Git repository at 'file:///ManifoldOS'...
Updating channel 'nonguix' from Git repository at 'https://gitlab.com/nonguix/nonguix'...
Building from these channels:
  guix      https://git.guix.gnu.org/guix.git	45cf15b
  manifold  file:///ManifoldOS	5236285
  nonguix   https://gitlab.com/nonguix/nonguix	a3f4e7b
substitute: substitute: [Klooking for substitutes on 'https://bordeaux.guix.gnu.org'...   0.0%substitute: [Klooking for substitutes on 'https://bordeaux.guix.gnu.org'... 100.0%
substitute: substitute: [Klooking for substitutes on 'https://bordeaux.guix.gnu.org'...   0.0%substitute: [Klooking for substitutes on 'https://bordeaux.guix.gnu.org'... 100.0%
.
.
building /gnu/store/1g3sj2fsmqp84zndhn4hz7v3524xc2x1-config.scm.drv...
building /gnu/store/58c1pjshcgwgdr4inf5lxw1r3a4d7q89-git.scm.drv...
building /gnu/store/841jzfq86wald8pmvi1qlgd4x35cplxa-hash.scm.drv...
building /gnu/store/1pia0f17bwhsark3nprnmk6ifvxrfvlh-module-import.drv...
building /gnu/store/k0hqwk6difrfk4pzagr8x4n7rd5rlbcl-module-import.drv...
building /gnu/store/9cnk98haanzfw3hl4vzrrp7qkz2vvi4r-compute-guix-derivation.drv...
Computing Guix derivation for 'x86_64-linux'...  
nothing to be done
Updating channel 'guix' from Git repository at 'https://git.guix.gnu.org/guix.git'...
Updating channel 'manifold' from Git repository at 'file:///ManifoldOS'...
Updating channel 'nonguix' from Git repository at 'https://gitlab.com/nonguix/nonguix'...
Building from these channels:
  guix      https://git.guix.gnu.org/guix.git	45cf15b
  manifold  file:///ManifoldOS	5236285
  nonguix   https://gitlab.com/nonguix/nonguix	a3f4e7b
