2025-12-16T17:03:05.546Z info: 	Starting v2024.11.261604-latest of Lens...
2025-12-16T17:03:05.560Z info: 	[LOCAL-STORAGE]: initialized
2025-12-16T17:03:05.622Z info: 	🔌 Starting LensProxy
2025-12-16T17:03:05.626Z info: 	[INTERNAL-PROXY-MAIN]: Proxy server has started at 127.0.0.1:46533
2025-12-16T17:03:05.626Z info: 	🔎 Testing LensProxy connection ...
2025-12-16T17:03:05.639Z info: 	Running 5.0.0-alpha.3 migration for /home/asdf/.config/Lens/lens-user-store.json
2025-12-16T17:03:05.642Z info: 	Running 5.0.3-beta.1 migration for /home/asdf/.config/Lens/lens-user-store.json
2025-12-16T17:03:05.644Z info: 	Running 6.5.1 migration for /home/asdf/.config/Lens/lens-user-store.json
2025-12-16T17:03:05.646Z debug: 	[USER-PREFERENCES]: fromStore()
2025-12-16T17:03:05.647Z debug: 	[LENS-USER-STORE]: LOADED from /home/asdf/.config/Lens/lens-user-store.json
2025-12-16T17:03:05.648Z info: 	[BASE-STORE]: saving /home/asdf/.config/Lens/lens-user-store.json...
2025-12-16T17:03:05.652Z info: 	Running 5.0.0-beta.10 migration for /home/asdf/.config/Lens/lens-cluster-store.json
2025-12-16T17:03:05.655Z info: 	Running 5.0.0-beta.13 migration for /home/asdf/.config/Lens/lens-cluster-store.json
2025-12-16T17:03:05.660Z info: 	Running 6.6.0 migration for /home/asdf/.config/Lens/lens-cluster-store.json
2025-12-16T17:03:05.665Z info: 	Running 7.0.0 migration for /home/asdf/.config/Lens/lens-cluster-store.json
2025-12-16T17:03:05.670Z debug: 	[LENS-CLUSTER-STORE]: LOADED from /home/asdf/.config/Lens/lens-cluster-store.json
2025-12-16T17:03:05.671Z info: 	[BASE-STORE]: saving /home/asdf/.config/Lens/lens-cluster-store.json...
2025-12-16T17:03:05.693Z info: 	⚡ LensProxy connection OK
2025-12-16T17:03:05.693Z info: 	[RUN-MANY-PERFORMANCE-LOGGING]: Running runnables for "before-application-is-loading-injection-token" took 156.86 ms.

Individual runnables took:
- internal-proxy-main:run-setup-lens-proxy                 	150.18 ms
- cluster-common:storage-initialization                    	130.91 ms
- lens-core-main:setup-cluster-state-broadcasting          	130.83 ms
- user-preferences:storage-initialization                  	130.37 ms
- local-storage-feature:run-initialization-of-local-storage	18.69 ms 
- messaging:start-listening-of-channels                    	4.14 ms  
- lens-core-main:log-version-on-start                      	2.8 ms   
- lens-core-main:setup-system-ca                           	1.47 ms  
2025-12-16T17:03:05.698Z info: 	📟 Setting protocol client for lens://
2025-12-16T17:03:05.731Z info: 	📟 Protocol client register failed ❗
2025-12-16T17:03:05.732Z debug: 	[APP-MAIN] initializing ipc main handlers
2025-12-16T17:03:05.734Z debug: 	[LENS-FILESYSTEM-PROVISIONER-STORE]: LOADED from /home/asdf/.config/Lens/lens-filesystem-provisioner-store.json
2025-12-16T17:03:05.734Z info: 	[BASE-STORE]: saving /home/asdf/.config/Lens/lens-filesystem-provisioner-store.json...
2025-12-16T17:03:05.737Z info: 	🐚 Syncing shell environment
2025-12-16T17:03:05.739Z info: 	[UNIX-SHELL-ENV]: running against /run/current-system/sw/bin/nu
2025-12-16T17:03:05.840Z info: 	[CREATE-ELECTRON-WINDOW]: Loading content for window "splash" from file: /nix/store/cycbj5mhwq6s2ivq3xd94v0j37nlbsv8-lens-desktop-2024.11.261604-extracted/resources/app.asar/static/splash.html...
2025-12-16T17:03:05.860Z info: 	[RUN-MANY-PERFORMANCE-LOGGING]: Running runnables for "after-window-is-opened" took 57.62 ms.

Individual runnables took:
- lens-core-main:show-dock-for-first-opened-window	0.06 ms
2025-12-16T17:03:05.882Z error: 	[LENS-ID]: Error: Error while encrypting the text provided to safeStorage.encryptString. Encryption is not available.
2025-12-16T17:03:05.883Z error: 	[SHELL-SYNC]: Shell did not exit successfully: {
    "code": 1,
    "signal": null,
    "stdout": "",
    "stderr": "Error:   × Nushell launched as a REPL, but STDIN is not a TTY; either launch in a\n  │ valid terminal or provide arguments to invoke a script!\n\n"
}
2025-12-16T17:03:05.886Z info: 	🧩 Initializing extensions
2025-12-16T17:03:05.886Z info: 	[EXTENSIONS-LOADER]: auto initializing extensions
2025-12-16T17:03:06.686Z info: 	[LENS-ID]: auth-token-store encrypted file doesn't exist and encryption not available, disabling encryption
2025-12-16T17:03:06.687Z info: 	[LENS-DESKTOP-KUBE] onActivate
2025-12-16T17:03:06.697Z debug: 	[LDK-STORE]: LOADED from /home/asdf/.config/Lens/extension-store/lens-desktop-kube-lens-extension/ldk-store.json
2025-12-16T17:03:06.697Z info: 	[BASE-STORE]: saving /home/asdf/.config/Lens/extension-store/lens-desktop-kube-lens-extension/ldk-store.json...
2025-12-16T17:03:06.717Z debug: 	[SECURITY-PREFERENCES-STORE]: LOADED from /home/asdf/.config/Lens/extension-store/oci-image-lens-extension/security-preferences-store.json
2025-12-16T17:03:06.717Z info: 	[BASE-STORE]: saving /home/asdf/.config/Lens/extension-store/oci-image-lens-extension/security-preferences-store.json...
2025-12-16T17:03:06.721Z info: 	[LENS-APPS] Main activated
2025-12-16T17:03:06.721Z debug: 	[IPC-RENDERER]: adding extension handler
2025-12-16T17:03:06.721Z info: 	[SUPPORT-EXTENSION] activated
2025-12-16T17:03:06.725Z debug: 	[PREFERENCES-STORE]: LOADED from /home/asdf/.config/Lens/extension-store/survey-lens-extension/preferences-store.json
2025-12-16T17:03:06.725Z info: 	[BASE-STORE]: saving /home/asdf/.config/Lens/extension-store/survey-lens-extension/preferences-store.json...
2025-12-16T17:03:06.728Z info: 	[TOUR-EXTENSION] activated
2025-12-16T17:03:06.732Z debug: 	[TIP-STORE]: LOADED from /home/asdf/.config/Lens/extension-store/tour-lens-extension/tip-store.json
2025-12-16T17:03:06.732Z info: 	[BASE-STORE]: saving /home/asdf/.config/Lens/extension-store/tour-lens-extension/tip-store.json...
2025-12-16T17:03:06.736Z debug: 	[IPC-RENDERER]: adding extension handler
2025-12-16T17:03:06.748Z error: 	[EXTENSIONS-LOADER]: activation extension error for "@lensapp/telemetry-lens-extension": Error: Error while encrypting the text provided to safeStorage.encryptString. Encryption is not available.
2025-12-16T17:03:06.753Z error: 	[EXTENSIONS-LOADER]: activation extension error for "@lensapp/lenscloud-lens-extension": Error: Error while encrypting the text provided to safeStorage.encryptString. Encryption is not available.
2025-12-16T17:03:06.756Z info: 	[LENS-DESKTOP-KUBE] extracting virtual machine runtime files ...
2025-12-16T17:03:06.805Z info: 	[BASE-STORE]: saving /home/asdf/.config/Lens/lens-filesystem-provisioner-store.json...
2025-12-16T17:03:06.812Z debug: 	[IPC-RENDERER]: adding extension handler
2025-12-16T17:03:06.812Z debug: 	[IPC-RENDERER]: adding extension handler
2025-12-16T17:03:06.812Z debug: 	[IPC-RENDERER]: adding extension handler
2025-12-16T17:03:06.812Z debug: 	[IPC-RENDERER]: adding extension handler
2025-12-16T17:03:06.812Z debug: 	[IPC-RENDERER]: adding extension handler
2025-12-16T17:03:06.812Z debug: 	[IPC-RENDERER]: adding extension handler
2025-12-16T17:03:06.813Z debug: 	[IPC-RENDERER]: adding extension handler
2025-12-16T17:03:06.813Z info: 	[LENS-SECURITY] activated
2025-12-16T17:03:06.912Z info: 	[BASE-STORE]: saving /home/asdf/.config/Lens/lens-filesystem-provisioner-store.json...
2025-12-16T17:03:07.046Z info: 	[CREATE-ELECTRON-WINDOW]: Window "splash" loaded
2025-12-16T17:03:08.189Z debug: 	[IPC-RENDERER]: adding extension handler
2025-12-16T17:03:08.189Z debug: 	[IPC-RENDERER]: adding extension handler
2025-12-16T17:03:08.190Z debug: 	[IPC-RENDERER]: adding extension handler
2025-12-16T17:03:08.190Z debug: 	[IPC-RENDERER]: adding extension handler
2025-12-16T17:03:08.190Z debug: 	[IPC-RENDERER]: adding extension handler
2025-12-16T17:03:08.190Z debug: 	[IPC-RENDERER]: adding extension handler
2025-12-16T17:03:08.190Z debug: 	[IPC-RENDERER]: adding extension handler
2025-12-16T17:03:08.190Z debug: 	[IPC-RENDERER]: adding extension handler
2025-12-16T17:03:08.190Z debug: 	[IPC-RENDERER]: adding extension handler
2025-12-16T17:03:08.190Z debug: 	[IPC-RENDERER]: adding extension handler
2025-12-16T17:03:08.190Z debug: 	[IPC-RENDERER]: adding extension handler
2025-12-16T17:03:08.190Z debug: 	[IPC-RENDERER]: adding extension handler
2025-12-16T17:03:08.190Z debug: 	[IPC-RENDERER]: adding extension handler
2025-12-16T17:03:08.190Z debug: 	[IPC-RENDERER]: adding extension handler
2025-12-16T17:03:08.190Z debug: 	[IPC-RENDERER]: adding extension handler
2025-12-16T17:03:08.190Z debug: 	[IPC-RENDERER]: adding extension handler
2025-12-16T17:03:08.190Z debug: 	[IPC-RENDERER]: adding extension handler
2025-12-16T17:03:08.190Z debug: 	[IPC-RENDERER]: adding extension handler
2025-12-16T17:03:08.190Z debug: 	[IPC-RENDERER]: adding extension handler
2025-12-16T17:03:08.192Z warn: 	[LENS-DESKTOP-KUBE] not a valid lens subscription, stopping ...
2025-12-16T17:03:08.210Z info: 	[LENS-DESKTOP-KUBE] Registering CLI commands
2025-12-16T17:03:08.219Z debug: 	[EXTENSION]: enabled @lensapp/lenscloud-lens-extension@3.3.8
2025-12-16T17:03:08.219Z debug: 	[EXTENSION]: enabled @lensapp/lens-desktop-kube-lens-extension@1.1.9
2025-12-16T17:03:08.219Z debug: 	[EXTENSION]: enabled @lensapp/lens-license-extension@1.0.2
2025-12-16T17:03:08.219Z debug: 	[EXTENSION]: enabled @lensapp/oci-image-lens-extension@0.43.6
2025-12-16T17:03:08.219Z debug: 	[EXTENSION]: enabled @lensapp/shipa-lens-extension@1.2.6
2025-12-16T17:03:08.219Z debug: 	[EXTENSION]: enabled @lensapp/support-lens-extension@1.0.2
2025-12-16T17:03:08.219Z debug: 	[EXTENSION]: enabled @lensapp/survey-lens-extension@0.11.4
2025-12-16T17:03:08.219Z debug: 	[EXTENSION]: enabled @lensapp/telemetry-lens-extension@1.0.6
2025-12-16T17:03:08.219Z debug: 	[EXTENSION]: enabled @lensapp/tour-lens-extension@2.0.0
2025-12-16T17:03:08.219Z info: 	[CLI] Registered command undefined desktop-kube
2025-12-16T17:03:08.219Z info: 	[CLI] Registered command desktop-kube ls
2025-12-16T17:03:08.220Z info: 	[RUN-MANY-PERFORMANCE-LOGGING]: Running runnables for "on-load-of-application" took 2526.32 ms.

Individual runnables took:
- lens-core-main:initialize-extensions                                    	2335.25 ms
- lens-core-main:show-loading                                             	1303.24 ms
- lens-id:initialize-auth-token-store-runnable                            	933.91 ms 
- lens-id:initialize-local-metadata-store-runnable                        	932.61 ms 
- lens-id:initialize-lens-cloud-status-store-runnable                     	932.14 ms 
- lens-id:initialize-space-settings-store-runnable                        	932.01 ms 
- local-storage-feature:write-changed-local-storage                       	158.98 ms 
- lens-core-main:setup-deep-linking                                       	157.86 ms 
- lens-core-main:setup-shell                                              	147.57 ms 
- lens-license:setup-lens-license                                         	3.98 ms   
- lens-core-main:start-reactive-tray-menu-items                           	3.79 ms   
- lens-core-main:init-file-system-provisioner-store                       	2.65 ms   
- lens-core-main:start-tray                                               	2.63 ms   
- lens-core-main:start-watching-if-update-should-happen-on-quit           	0.91 ms   
- lens-core-main:start-reactive-tray-menu-icon                            	0.73 ms   
- telemetry-for-cluster-connect-feature:start-tracking-cluster-connections	0.58 ms   
- lens-core-main:start-application-menu                                   	0.49 ms   
- electron-main:setup-quit-on-power-shutdown                              	0.28 ms   
- lens-core-main:setup-ipc-main-handlers                                  	0.25 ms   
- electron-main:start-syncing-theme-from-operating-system                 	0.23 ms   
- user-preferences-main-feature:setup-sync-open-at-login-with-os          	0.17 ms   
- lens-core-main:setup-developer-tools-in-development-environment         	0.16 ms   
- theme-main-feature:setup-system-theme-type-updater-emitter              	0.12 ms   
- lens-core-main:setup-main-window-visibility-after-activation            	0.07 ms   
2025-12-16T17:03:08.220Z info: 	[CLI] Registered command desktop-kube create <name>
2025-12-16T17:03:08.315Z info: 	[CREATE-ELECTRON-WINDOW]: Loading content for window "first-application-window" from url: https://lens.app:46533...
2025-12-16T17:03:08.323Z info: 	[CLI] Registered command clusters connect <name>
2025-12-16T17:03:08.323Z info: 	[CLI] Registered command clusters disconnect <name>
2025-12-16T17:03:08.323Z info: 	[CLI] Registered command clusters ls
2025-12-16T17:03:08.324Z info: 	[CLI] Registered command clusters show <name>
2025-12-16T17:03:08.326Z info: 	[CLI] Registered command desktop-kube show <name>
2025-12-16T17:03:08.327Z info: 	[RUN-MANY-PERFORMANCE-LOGGING]: Running runnables for "after-window-is-opened" took 37.03 ms.

Individual runnables took:
- lens-core-main:show-dock-for-first-opened-window	0.08 ms
2025-12-16T17:03:08.328Z info: 	[CLI] Registered command desktop-kube start <name>
2025-12-16T17:03:08.328Z info: 	[CLI] Registered command desktop-kube stop <name>
2025-12-16T17:03:08.328Z info: 	[CLI] Registered command desktop-kube reset <name>
2025-12-16T17:03:08.328Z info: 	[CLI] Registered command desktop-kube rm <name>
2025-12-16T17:03:08.329Z info: 	[CLI] Registered command desktop-kube shell <name>
2025-12-16T17:03:08.338Z info: 	[BASE-STORE]: saving /home/asdf/.config/Lens/extension-store/lens-desktop-kube-lens-extension/ldk-store.json...
2025-12-16T17:03:08.352Z info: 	[KUBECONFIG-SYNC]: starting requested syncs
2025-12-16T17:03:08.354Z info: 	[KUBECONFIG-SYNC]: starting sync of file/folder
2025-12-16T17:03:08.354Z debug: 	[KUBECONFIG-SYNC]: 1 files/folders watched
2025-12-16T17:03:08.355Z info: 	[KUBECONFIG-SYNC]: starting sync of file/folder
2025-12-16T17:03:08.355Z debug: 	[KUBECONFIG-SYNC]: 2 files/folders watched
2025-12-16T17:03:08.356Z debug: 	[CLOUD-SYNC-REPORTER]: [CLOUD-PROVIDER-SYNC] has cloud provider clis: 
2025-12-16T17:03:08.360Z warn: 	[KUBECONFIG-SYNC]: failed to start watching changes: Error: ENOENT: no such file or directory, stat '/home/asdf/.kube'
2025-12-16T17:03:10.163Z info: 	[CREATE-ELECTRON-WINDOW]: Window "first-application-window" loaded
2025-12-16T17:03:13.045Z info: 	[RUN-MANY-PERFORMANCE-LOGGING]: Running runnables for "after-application-is-loaded-injection-token" took 4824.26 ms.

Individual runnables took:
- lens-core-main:show-initial-window                                	4759.63 ms
- lens-core-main:cleanup-legacy-local-storage-files                 	83.29 ms  
- lens-core-main:start-kubeconfig-sync                              	71.09 ms  
- cloud-sync-reporter:report-cloud-clis                             	31.42 ms  
- cli-feature:lens-cli-initialize-server                            	15.36 ms  
- cli-feature:cli-register-win32-path                               	3.77 ms   
- cluster-cli-commands-register-main:cmd-register-cluster-connect   	3.13 ms   
- cluster-cli-commands-register-main:cmd-register-cluster-disconnect	2.85 ms   
- cluster-cli-commands-register-main:cmd-register-cluster-list      	2.68 ms   
- lens-core-main:emit-current-version-to-analytics                  	2.56 ms   
- cluster-cli-commands-register-main:cmd-register-cluster-show      	2.52 ms   
- telemetry-for-aws-profiles:start-tracking-aws-profiles            	1.18 ms   
- lens-core-main:start-checking-for-updates                         	0.64 ms   
- cluster-connect-proxy-feature:initialize-cluster-proxy            	0.52 ms   
- lens-core-main:emit-service-start-to-event-bus                    	0.05 ms   
2025-12-16T17:03:13.125Z info: 	[RUN-MANY-PERFORMANCE-LOGGING]: Running runnables for "after-root-frame-is-ready" took 0.51 ms.

Individual runnables took:
- lens-core-main:flag-renderer-as-loaded	0.22 ms
2025-12-16T17:03:13.181Z info: 	[RUN-MANY-PERFORMANCE-LOGGING]: Running runnables for "after-window-is-opened" took 3.55 ms.

Individual runnables took:
- lens-core-main:show-dock-for-first-opened-window	0.05 ms
